	.cpu cortex-m0
	.fpu softvfp
	.eabi_attribute 20, 1
	.eabi_attribute 21, 1
	.eabi_attribute 23, 3
	.eabi_attribute 24, 1
	.eabi_attribute 25, 1
	.eabi_attribute 26, 1
	.eabi_attribute 30, 4
	.eabi_attribute 34, 0
	.eabi_attribute 18, 4
	.code	16
	.file	"main.c"
	.section	.text.startup.main,"ax",%progbits
	.align	1
	.global	main
	.code	16
	.thumb_func
	.type	main, %function
main:
	push	{r3, r4, r5, lr}
	bl	uart_init
	bl	timer_init
.L2:
	mov	r0, #2
	bl	uart_rend
	cmp	r0, #0
	bne	.L17
	mov	r0, #250
	lsl	r0, r0, #2
	bl	delay
	b	.L2
.L17:
	bl	uart_receive_blocking
	cmp	r0, #3
	bne	.L2
.L5:
	ldr	r5, .L18
	ldr	r3, [r5]
	lsr	r0, r3, #1
	uxtb	r4, r0
	uxtb	r0, r0
	bl	uart_rend
	ldr	r3, [r5]
	lsl	r2, r3, #31
	bpl	.L9
	add	r4, r4, #1
	uxtb	r4, r4
.L9:
	mov	r0, r4
	bl	uart_rend
	ldr	r5, .L18+4
	ldr	r2, [r5]
	lsr	r0, r2, #1
	uxtb	r4, r0
	uxtb	r0, r0
	bl	uart_rend
	ldr	r3, [r5]
	lsl	r2, r3, #31
	bpl	.L6
	add	r4, r4, #1
	uxtb	r4, r4
.L6:
	mov	r0, r4
	bl	uart_rend
	ldr	r5, .L18+8
	ldr	r3, [r5]
	lsr	r0, r3, #1
	uxtb	r4, r0
	uxtb	r0, r0
	bl	uart_rend
	ldr	r3, [r5]
	lsl	r2, r3, #31
	bpl	.L7
	add	r4, r4, #1
	uxtb	r4, r4
.L7:
	mov	r0, r4
	bl	uart_rend
	b	.L5
.L19:
	.align	2
.L18:
	.word	.LANCHOR2
	.word	.LANCHOR0
	.word	.LANCHOR1
	.size	main, .-main
	.global	z
	.global	y
	.global	x
	.comm	step3,24,4
	.comm	step2,24,4
	.comm	step1,24,4
	.section	.data.x,"aw",%progbits
	.align	2
	.set	.LANCHOR2,. + 0
	.type	x, %object
	.size	x, 4
x:
	.word	1000
	.section	.data.y,"aw",%progbits
	.align	2
	.set	.LANCHOR0,. + 0
	.type	y, %object
	.size	y, 4
y:
	.word	1000
	.section	.data.z,"aw",%progbits
	.align	2
	.set	.LANCHOR1,. + 0
	.type	z, %object
	.size	z, 4
z:
	.word	1000
	.ident	"GCC: (GNU Tools for ARM Embedded Processors) 4.8.3 20140228 (release) [ARM/embedded-4_8-branch revision 208322]"
